<?xml version="1.0" encoding="UTF-8"?>
<testsuites>
  <testsuite name="CLI Arguments" tests="26" assertions="102" errors="0" failures="0" skipped="0" time="0.047323">
    <testsuite name="FastForward\Enum\Tests\Helper\EnumHelperTest" file="/home/runner/work/enum/enum/tests/Helper/EnumHelperTest.php" tests="11" assertions="26" errors="0" failures="0" skipped="0" time="0.035332">
      <testcase name="itReturnsNamesForUnitEnums" file="/home/runner/work/enum/enum/tests/Helper/EnumHelperTest.php" line="43" class="FastForward\Enum\Tests\Helper\EnumHelperTest" classname="FastForward.Enum.Tests.Helper.EnumHelperTest" assertions="2" time="0.026652"/>
      <testcase name="itReturnsValuesForBackedEnums" file="/home/runner/work/enum/enum/tests/Helper/EnumHelperTest.php" line="53" class="FastForward\Enum\Tests\Helper\EnumHelperTest" classname="FastForward.Enum.Tests.Helper.EnumHelperTest" assertions="2" time="0.003204"/>
      <testcase name="itBuildsMapsForNamesAndValues" file="/home/runner/work/enum/enum/tests/Helper/EnumHelperTest.php" line="63" class="FastForward\Enum\Tests\Helper\EnumHelperTest" classname="FastForward.Enum.Tests.Helper.EnumHelperTest" assertions="2" time="0.000544"/>
      <testcase name="itBuildsOptionsForBackedEnums" file="/home/runner/work/enum/enum/tests/Helper/EnumHelperTest.php" line="80" class="FastForward\Enum\Tests\Helper\EnumHelperTest" classname="FastForward.Enum.Tests.Helper.EnumHelperTest" assertions="2" time="0.000432"/>
      <testcase name="itCanLookUpCasesByName" file="/home/runner/work/enum/enum/tests/Helper/EnumHelperTest.php" line="97" class="FastForward\Enum\Tests\Helper\EnumHelperTest" classname="FastForward.Enum.Tests.Helper.EnumHelperTest" assertions="3" time="0.000490"/>
      <testcase name="itThrowsForInvalidNames" file="/home/runner/work/enum/enum/tests/Helper/EnumHelperTest.php" line="108" class="FastForward\Enum\Tests\Helper\EnumHelperTest" classname="FastForward.Enum.Tests.Helper.EnumHelperTest" assertions="2" time="0.000536"/>
      <testcase name="itChecksForBackedValues" file="/home/runner/work/enum/enum/tests/Helper/EnumHelperTest.php" line="120" class="FastForward\Enum\Tests\Helper\EnumHelperTest" classname="FastForward.Enum.Tests.Helper.EnumHelperTest" assertions="3" time="0.000518"/>
      <testcase name="itRejectsNonBackedEnumClassStringsForBackedHelpers" file="/home/runner/work/enum/enum/tests/Helper/EnumHelperTest.php" line="131" class="FastForward\Enum\Tests\Helper\EnumHelperTest" classname="FastForward.Enum.Tests.Helper.EnumHelperTest" assertions="2" time="0.000453"/>
      <testcase name="itRejectsNonEnumClassStringsForUnitHelpers" file="/home/runner/work/enum/enum/tests/Helper/EnumHelperTest.php" line="143" class="FastForward\Enum\Tests\Helper\EnumHelperTest" classname="FastForward.Enum.Tests.Helper.EnumHelperTest" assertions="2" time="0.000372"/>
      <testcase name="itExposesLabelsForLabeledEnums" file="/home/runner/work/enum/enum/tests/Helper/EnumHelperTest.php" line="155" class="FastForward\Enum\Tests\Helper\EnumHelperTest" classname="FastForward.Enum.Tests.Helper.EnumHelperTest" assertions="4" time="0.001619"/>
      <testcase name="itRejectsNonLabeledEnumsForLabelHelpers" file="/home/runner/work/enum/enum/tests/Helper/EnumHelperTest.php" line="173" class="FastForward\Enum\Tests\Helper\EnumHelperTest" classname="FastForward.Enum.Tests.Helper.EnumHelperTest" assertions="2" time="0.000510"/>
    </testsuite>
    <testsuite name="FastForward\Enum\Tests\Sort\ComparisonResultTest" file="/home/runner/work/enum/enum/tests/Sort/ComparisonResultTest.php" tests="4" assertions="20" errors="0" failures="0" skipped="0" time="0.002985">
      <testcase name="itProvidesNamesAndNameLookupHelpers" file="/home/runner/work/enum/enum/tests/Sort/ComparisonResultTest.php" line="37" class="FastForward\Enum\Tests\Sort\ComparisonResultTest" classname="FastForward.Enum.Tests.Sort.ComparisonResultTest" assertions="5" time="0.001541"/>
      <testcase name="itConvertsComparatorResultsToComparisonResultCases" file="/home/runner/work/enum/enum/tests/Sort/ComparisonResultTest.php" line="50" class="FastForward\Enum\Tests\Sort\ComparisonResultTest" classname="FastForward.Enum.Tests.Sort.ComparisonResultTest" assertions="4" time="0.000487"/>
      <testcase name="itConvertsComparisonResultCasesBackToComparatorResults" file="/home/runner/work/enum/enum/tests/Sort/ComparisonResultTest.php" line="62" class="FastForward\Enum\Tests\Sort\ComparisonResultTest" classname="FastForward.Enum.Tests.Sort.ComparisonResultTest" assertions="4" time="0.000438"/>
      <testcase name="itCanBeReversedAndCheckedForComparability" file="/home/runner/work/enum/enum/tests/Sort/ComparisonResultTest.php" line="74" class="FastForward\Enum\Tests\Sort\ComparisonResultTest" classname="FastForward.Enum.Tests.Sort.ComparisonResultTest" assertions="7" time="0.000519"/>
    </testsuite>
    <testsuite name="FastForward\Enum\Tests\Sort\SortDirectionTest" file="/home/runner/work/enum/enum/tests/Sort/SortDirectionTest.php" tests="4" assertions="28" errors="0" failures="0" skipped="0" time="0.003533">
      <testcase name="itProvidesEnumHelpersForSortDirection" file="/home/runner/work/enum/enum/tests/Sort/SortDirectionTest.php" line="41" class="FastForward\Enum\Tests\Sort\SortDirectionTest" classname="FastForward.Enum.Tests.Sort.SortDirectionTest" assertions="3" time="0.001137"/>
      <testcase name="itProvidesSortSpecificHelpers" file="/home/runner/work/enum/enum/tests/Sort/SortDirectionTest.php" line="52" class="FastForward\Enum\Tests\Sort\SortDirectionTest" classname="FastForward.Enum.Tests.Sort.SortDirectionTest" assertions="9" time="0.000610"/>
      <testcase name="itProvidesNullsPositionHelpers" file="/home/runner/work/enum/enum/tests/Sort/SortDirectionTest.php" line="69" class="FastForward\Enum\Tests\Sort\SortDirectionTest" classname="FastForward.Enum.Tests.Sort.SortDirectionTest" assertions="8" time="0.000939"/>
      <testcase name="itProvidesCaseSensitivityHelpers" file="/home/runner/work/enum/enum/tests/Sort/SortDirectionTest.php" line="85" class="FastForward\Enum\Tests\Sort\SortDirectionTest" classname="FastForward.Enum.Tests.Sort.SortDirectionTest" assertions="8" time="0.000847"/>
    </testsuite>
    <testsuite name="FastForward\Enum\Tests\StateMachine\HasTransitionsTest" file="/home/runner/work/enum/enum/tests/StateMachine/HasTransitionsTest.php" tests="2" assertions="11" errors="0" failures="0" skipped="0" time="0.002395">
      <testcase name="itSupportsStateMachineStyleTransitions" file="/home/runner/work/enum/enum/tests/StateMachine/HasTransitionsTest.php" line="37" class="FastForward\Enum\Tests\StateMachine\HasTransitionsTest" classname="FastForward.Enum.Tests.StateMachine.HasTransitionsTest" assertions="9" time="0.001187"/>
      <testcase name="itThrowsForInvalidStateMachineTransitions" file="/home/runner/work/enum/enum/tests/StateMachine/HasTransitionsTest.php" line="57" class="FastForward\Enum\Tests\StateMachine\HasTransitionsTest" classname="FastForward.Enum.Tests.StateMachine.HasTransitionsTest" assertions="2" time="0.001208"/>
    </testsuite>
    <testsuite name="FastForward\Enum\Tests\Trait\EnumTraitTest" file="/home/runner/work/enum/enum/tests/Trait/EnumTraitTest.php" tests="5" assertions="17" errors="0" failures="0" skipped="0" time="0.003079">
      <testcase name="itProvidesUnitEnumLookupAndMappingTraits" file="/home/runner/work/enum/enum/tests/Trait/EnumTraitTest.php" line="55" class="FastForward\Enum\Tests\Trait\EnumTraitTest" classname="FastForward.Enum.Tests.Trait.EnumTraitTest" assertions="2" time="0.000627"/>
      <testcase name="itProvidesBackedEnumValueAndOptionTraits" file="/home/runner/work/enum/enum/tests/Trait/EnumTraitTest.php" line="68" class="FastForward\Enum\Tests\Trait\EnumTraitTest" classname="FastForward.Enum.Tests.Trait.EnumTraitTest" assertions="8" time="0.000690"/>
      <testcase name="itProvidesADefaultClassBasedLabelTrait" file="/home/runner/work/enum/enum/tests/Trait/EnumTraitTest.php" line="90" class="FastForward\Enum\Tests\Trait\EnumTraitTest" classname="FastForward.Enum.Tests.Trait.EnumTraitTest" assertions="1" time="0.000561"/>
      <testcase name="itProvidesComparableHelpers" file="/home/runner/work/enum/enum/tests/Trait/EnumTraitTest.php" line="99" class="FastForward\Enum\Tests\Trait\EnumTraitTest" classname="FastForward.Enum.Tests.Trait.EnumTraitTest" assertions="4" time="0.000674"/>
      <testcase name="itProvidesADefaultDescriptionTrait" file="/home/runner/work/enum/enum/tests/Trait/EnumTraitTest.php" line="111" class="FastForward\Enum\Tests\Trait\EnumTraitTest" classname="FastForward.Enum.Tests.Trait.EnumTraitTest" assertions="2" time="0.000527"/>
    </testsuite>
  </testsuite>
</testsuites>
