<?xml version="1.0" encoding="UTF-8"?>
<testsuites>
  <testsuite name="CLI Arguments" tests="87" assertions="235" errors="0" failures="0" skipped="0" time="0.064998">
    <testsuite name="FastForward\Enum\Tests\Calendar\MonthTest" file="/home/runner/work/enum/enum/tests/Calendar/MonthTest.php" tests="4" assertions="8" errors="0" failures="0" skipped="0" time="0.025410">
      <testcase name="itKeepsCalendarDeclarationOrder" file="/home/runner/work/enum/enum/tests/Calendar/MonthTest.php" line="33" class="FastForward\Enum\Tests\Calendar\MonthTest" classname="FastForward.Enum.Tests.Calendar.MonthTest" assertions="1" time="0.024291"/>
      <testcase name="itIdentifiesTheQuarterForAMonth" file="/home/runner/work/enum/enum/tests/Calendar/MonthTest.php" line="42" class="FastForward\Enum\Tests\Calendar\MonthTest" classname="FastForward.Enum.Tests.Calendar.MonthTest" assertions="4" time="0.000434"/>
      <testcase name="itIdentifiesQuarterEndMonths" file="/home/runner/work/enum/enum/tests/Calendar/MonthTest.php" line="54" class="FastForward\Enum\Tests\Calendar\MonthTest" classname="FastForward.Enum.Tests.Calendar.MonthTest" assertions="2" time="0.000343"/>
      <testcase name="itDescribesMonths" file="/home/runner/work/enum/enum/tests/Calendar/MonthTest.php" line="64" class="FastForward\Enum\Tests\Calendar\MonthTest" classname="FastForward.Enum.Tests.Calendar.MonthTest" assertions="1" time="0.000341"/>
    </testsuite>
    <testsuite name="FastForward\Enum\Tests\Calendar\QuarterTest" file="/home/runner/work/enum/enum/tests/Calendar/QuarterTest.php" tests="5" assertions="8" errors="0" failures="0" skipped="0" time="0.002142">
      <testcase name="itKeepsCalendarDeclarationOrder" file="/home/runner/work/enum/enum/tests/Calendar/QuarterTest.php" line="36" class="FastForward\Enum\Tests\Calendar\QuarterTest" classname="FastForward.Enum.Tests.Calendar.QuarterTest" assertions="1" time="0.000752"/>
      <testcase name="itExposesTheMonthsInsideAQuarter" file="/home/runner/work/enum/enum/tests/Calendar/QuarterTest.php" line="45" class="FastForward\Enum\Tests\Calendar\QuarterTest" classname="FastForward.Enum.Tests.Calendar.QuarterTest" assertions="3" time="0.000363"/>
      <testcase name="itChecksWhetherAMonthBelongsToAQuarter" file="/home/runner/work/enum/enum/tests/Calendar/QuarterTest.php" line="56" class="FastForward\Enum\Tests\Calendar\QuarterTest" classname="FastForward.Enum.Tests.Calendar.QuarterTest" assertions="2" time="0.000376"/>
      <testcase name="itResolvesAQuarterFromAMonth" file="/home/runner/work/enum/enum/tests/Calendar/QuarterTest.php" line="66" class="FastForward\Enum\Tests\Calendar\QuarterTest" classname="FastForward.Enum.Tests.Calendar.QuarterTest" assertions="1" time="0.000341"/>
      <testcase name="itDescribesQuarters" file="/home/runner/work/enum/enum/tests/Calendar/QuarterTest.php" line="75" class="FastForward\Enum\Tests\Calendar\QuarterTest" classname="FastForward.Enum.Tests.Calendar.QuarterTest" assertions="1" time="0.000309"/>
    </testsuite>
    <testsuite name="FastForward\Enum\Tests\Calendar\SemesterTest" file="/home/runner/work/enum/enum/tests/Calendar/SemesterTest.php" tests="5" assertions="10" errors="0" failures="0" skipped="0" time="0.002202">
      <testcase name="itExposesTheQuartersInsideASemester" file="/home/runner/work/enum/enum/tests/Calendar/SemesterTest.php" line="38" class="FastForward\Enum\Tests\Calendar\SemesterTest" classname="FastForward.Enum.Tests.Calendar.SemesterTest" assertions="1" time="0.000751"/>
      <testcase name="itExposesTheMonthsInsideASemester" file="/home/runner/work/enum/enum/tests/Calendar/SemesterTest.php" line="47" class="FastForward\Enum\Tests\Calendar\SemesterTest" classname="FastForward.Enum.Tests.Calendar.SemesterTest" assertions="4" time="0.000386"/>
      <testcase name="itChecksWhetherAMonthBelongsToASemester" file="/home/runner/work/enum/enum/tests/Calendar/SemesterTest.php" line="65" class="FastForward\Enum\Tests\Calendar\SemesterTest" classname="FastForward.Enum.Tests.Calendar.SemesterTest" assertions="2" time="0.000349"/>
      <testcase name="itResolvesASemesterFromCalendarUnits" file="/home/runner/work/enum/enum/tests/Calendar/SemesterTest.php" line="75" class="FastForward\Enum\Tests\Calendar\SemesterTest" classname="FastForward.Enum.Tests.Calendar.SemesterTest" assertions="2" time="0.000357"/>
      <testcase name="itDescribesSemesters" file="/home/runner/work/enum/enum/tests/Calendar/SemesterTest.php" line="85" class="FastForward\Enum\Tests\Calendar\SemesterTest" classname="FastForward.Enum.Tests.Calendar.SemesterTest" assertions="1" time="0.000358"/>
    </testsuite>
    <testsuite name="FastForward\Enum\Tests\Calendar\WeekdayTest" file="/home/runner/work/enum/enum/tests/Calendar/WeekdayTest.php" tests="3" assertions="5" errors="0" failures="0" skipped="0" time="0.001594">
      <testcase name="itIdentifiesWeekendsAndWeekdays" file="/home/runner/work/enum/enum/tests/Calendar/WeekdayTest.php" line="33" class="FastForward\Enum\Tests\Calendar\WeekdayTest" classname="FastForward.Enum.Tests.Calendar.WeekdayTest" assertions="3" time="0.000981"/>
      <testcase name="itKeepsIsoWeekOrder" file="/home/runner/work/enum/enum/tests/Calendar/WeekdayTest.php" line="44" class="FastForward\Enum\Tests\Calendar\WeekdayTest" classname="FastForward.Enum.Tests.Calendar.WeekdayTest" assertions="1" time="0.000312"/>
      <testcase name="itDescribesWeekdays" file="/home/runner/work/enum/enum/tests/Calendar/WeekdayTest.php" line="64" class="FastForward\Enum\Tests\Calendar\WeekdayTest" classname="FastForward.Enum.Tests.Calendar.WeekdayTest" assertions="1" time="0.000300"/>
    </testsuite>
    <testsuite name="FastForward\Enum\Tests\Common\PriorityTest" file="/home/runner/work/enum/enum/tests/Common/PriorityTest.php" tests="3" assertions="5" errors="0" failures="0" skipped="0" time="0.001327">
      <testcase name="itOrdersPrioritiesByWeight" file="/home/runner/work/enum/enum/tests/Common/PriorityTest.php" line="33" class="FastForward\Enum\Tests\Common\PriorityTest" classname="FastForward.Enum.Tests.Common.PriorityTest" assertions="1" time="0.000673"/>
      <testcase name="itComparesPriorityWeights" file="/home/runner/work/enum/enum/tests/Common/PriorityTest.php" line="42" class="FastForward\Enum\Tests\Common\PriorityTest" classname="FastForward.Enum.Tests.Common.PriorityTest" assertions="3" time="0.000341"/>
      <testcase name="itDescribesPriorities" file="/home/runner/work/enum/enum/tests/Common/PriorityTest.php" line="53" class="FastForward\Enum\Tests\Common\PriorityTest" classname="FastForward.Enum.Tests.Common.PriorityTest" assertions="1" time="0.000313"/>
    </testsuite>
    <testsuite name="FastForward\Enum\Tests\Common\SeverityTest" file="/home/runner/work/enum/enum/tests/Common/SeverityTest.php" tests="3" assertions="5" errors="0" failures="0" skipped="0" time="0.001305">
      <testcase name="itComparesSeverityWeights" file="/home/runner/work/enum/enum/tests/Common/SeverityTest.php" line="33" class="FastForward\Enum\Tests\Common\SeverityTest" classname="FastForward.Enum.Tests.Common.SeverityTest" assertions="3" time="0.000704"/>
      <testcase name="itKeepsSeverityOrder" file="/home/runner/work/enum/enum/tests/Common/SeverityTest.php" line="44" class="FastForward\Enum\Tests\Common\SeverityTest" classname="FastForward.Enum.Tests.Common.SeverityTest" assertions="1" time="0.000294"/>
      <testcase name="itDescribesSeverities" file="/home/runner/work/enum/enum/tests/Common/SeverityTest.php" line="56" class="FastForward\Enum\Tests\Common\SeverityTest" classname="FastForward.Enum.Tests.Common.SeverityTest" assertions="1" time="0.000307"/>
    </testsuite>
    <testsuite name="FastForward\Enum\Tests\Comparison\ComparisonOperatorTest" file="/home/runner/work/enum/enum/tests/Comparison/ComparisonOperatorTest.php" tests="7" assertions="23" errors="0" failures="0" skipped="0" time="0.004346">
      <testcase name="itExposesCompactBackedValues" file="/home/runner/work/enum/enum/tests/Comparison/ComparisonOperatorTest.php" line="37" class="FastForward\Enum\Tests\Comparison\ComparisonOperatorTest" classname="FastForward.Enum.Tests.Comparison.ComparisonOperatorTest" assertions="1" time="0.002239"/>
      <testcase name="itMapsOperatorsToSymbols" file="/home/runner/work/enum/enum/tests/Comparison/ComparisonOperatorTest.php" line="46" class="FastForward\Enum\Tests\Comparison\ComparisonOperatorTest" classname="FastForward.Enum.Tests.Comparison.ComparisonOperatorTest" assertions="1" time="0.000384"/>
      <testcase name="itComparesScalarValues" file="/home/runner/work/enum/enum/tests/Comparison/ComparisonOperatorTest.php" line="58" class="FastForward\Enum\Tests\Comparison\ComparisonOperatorTest" classname="FastForward.Enum.Tests.Comparison.ComparisonOperatorTest" assertions="6" time="0.000345"/>
      <testcase name="itComparesValuesAgainstCandidateSets" file="/home/runner/work/enum/enum/tests/Comparison/ComparisonOperatorTest.php" line="72" class="FastForward\Enum\Tests\Comparison\ComparisonOperatorTest" classname="FastForward.Enum.Tests.Comparison.ComparisonOperatorTest" assertions="4" time="0.000348"/>
      <testcase name="itRejectsInvalidCandidateSets" file="/home/runner/work/enum/enum/tests/Comparison/ComparisonOperatorTest.php" line="84" class="FastForward\Enum\Tests\Comparison\ComparisonOperatorTest" classname="FastForward.Enum.Tests.Comparison.ComparisonOperatorTest" assertions="2" time="0.000347"/>
      <testcase name="itNegatesOperators" file="/home/runner/work/enum/enum/tests/Comparison/ComparisonOperatorTest.php" line="96" class="FastForward\Enum\Tests\Comparison\ComparisonOperatorTest" classname="FastForward.Enum.Tests.Comparison.ComparisonOperatorTest" assertions="8" time="0.000330"/>
      <testcase name="itDescribesOperators" file="/home/runner/work/enum/enum/tests/Comparison/ComparisonOperatorTest.php" line="112" class="FastForward\Enum\Tests\Comparison\ComparisonOperatorTest" classname="FastForward.Enum.Tests.Comparison.ComparisonOperatorTest" assertions="1" time="0.000351"/>
    </testsuite>
    <testsuite name="FastForward\Enum\Tests\Container\ServiceLifetimeTest" file="/home/runner/work/enum/enum/tests/Container/ServiceLifetimeTest.php" tests="3" assertions="5" errors="0" failures="0" skipped="0" time="0.001392">
      <testcase name="itExposesStableBackedValues" file="/home/runner/work/enum/enum/tests/Container/ServiceLifetimeTest.php" line="36" class="FastForward\Enum\Tests\Container\ServiceLifetimeTest" classname="FastForward.Enum.Tests.Container.ServiceLifetimeTest" assertions="1" time="0.000723"/>
      <testcase name="itIdentifiesReusableLifetimes" file="/home/runner/work/enum/enum/tests/Container/ServiceLifetimeTest.php" line="45" class="FastForward\Enum\Tests\Container\ServiceLifetimeTest" classname="FastForward.Enum.Tests.Container.ServiceLifetimeTest" assertions="2" time="0.000334"/>
      <testcase name="itDescribesServiceLifetimes" file="/home/runner/work/enum/enum/tests/Container/ServiceLifetimeTest.php" line="55" class="FastForward\Enum\Tests\Container\ServiceLifetimeTest" classname="FastForward.Enum.Tests.Container.ServiceLifetimeTest" assertions="2" time="0.000335"/>
    </testsuite>
    <testsuite name="FastForward\Enum\Tests\DateTime\IntervalUnitTest" file="/home/runner/work/enum/enum/tests/DateTime/IntervalUnitTest.php" tests="4" assertions="11" errors="0" failures="0" skipped="0" time="0.001693">
      <testcase name="itExposesShortLabels" file="/home/runner/work/enum/enum/tests/DateTime/IntervalUnitTest.php" line="33" class="FastForward\Enum\Tests\DateTime\IntervalUnitTest" classname="FastForward.Enum.Tests.DateTime.IntervalUnitTest" assertions="1" time="0.000728"/>
      <testcase name="itConvertsUnitsToSeconds" file="/home/runner/work/enum/enum/tests/DateTime/IntervalUnitTest.php" line="45" class="FastForward\Enum\Tests\DateTime\IntervalUnitTest" classname="FastForward.Enum.Tests.DateTime.IntervalUnitTest" assertions="7" time="0.000325"/>
      <testcase name="itIdentifiesCalendarAwareUnits" file="/home/runner/work/enum/enum/tests/DateTime/IntervalUnitTest.php" line="60" class="FastForward\Enum\Tests\DateTime\IntervalUnitTest" classname="FastForward.Enum.Tests.DateTime.IntervalUnitTest" assertions="2" time="0.000312"/>
      <testcase name="itDescribesIntervalUnits" file="/home/runner/work/enum/enum/tests/DateTime/IntervalUnitTest.php" line="70" class="FastForward\Enum\Tests\DateTime\IntervalUnitTest" classname="FastForward.Enum.Tests.DateTime.IntervalUnitTest" assertions="1" time="0.000328"/>
    </testsuite>
    <testsuite name="FastForward\Enum\Tests\Event\DispatchModeTest" file="/home/runner/work/enum/enum/tests/Event/DispatchModeTest.php" tests="3" assertions="7" errors="0" failures="0" skipped="0" time="0.001371">
      <testcase name="itExposesStableBackedValues" file="/home/runner/work/enum/enum/tests/Event/DispatchModeTest.php" line="36" class="FastForward\Enum\Tests\Event\DispatchModeTest" classname="FastForward.Enum.Tests.Event.DispatchModeTest" assertions="1" time="0.000715"/>
      <testcase name="itIdentifiesSyncAndAsyncDispatch" file="/home/runner/work/enum/enum/tests/Event/DispatchModeTest.php" line="45" class="FastForward\Enum\Tests\Event\DispatchModeTest" classname="FastForward.Enum.Tests.Event.DispatchModeTest" assertions="4" time="0.000326"/>
      <testcase name="itDescribesDispatchModes" file="/home/runner/work/enum/enum/tests/Event/DispatchModeTest.php" line="57" class="FastForward\Enum\Tests\Event\DispatchModeTest" classname="FastForward.Enum.Tests.Event.DispatchModeTest" assertions="2" time="0.000329"/>
    </testsuite>
    <testsuite name="FastForward\Enum\Tests\Helper\EnumHelperTest" file="/home/runner/work/enum/enum/tests/Helper/EnumHelperTest.php" tests="12" assertions="30" errors="0" failures="0" skipped="0" time="0.004674">
      <testcase name="itReturnsCasesForUnitEnums" file="/home/runner/work/enum/enum/tests/Helper/EnumHelperTest.php" line="43" class="FastForward\Enum\Tests\Helper\EnumHelperTest" classname="FastForward.Enum.Tests.Helper.EnumHelperTest" assertions="2" time="0.000435"/>
      <testcase name="itReturnsNamesForUnitEnums" file="/home/runner/work/enum/enum/tests/Helper/EnumHelperTest.php" line="53" class="FastForward\Enum\Tests\Helper\EnumHelperTest" classname="FastForward.Enum.Tests.Helper.EnumHelperTest" assertions="2" time="0.000354"/>
      <testcase name="itReturnsValuesForBackedEnums" file="/home/runner/work/enum/enum/tests/Helper/EnumHelperTest.php" line="63" class="FastForward\Enum\Tests\Helper\EnumHelperTest" classname="FastForward.Enum.Tests.Helper.EnumHelperTest" assertions="2" time="0.000704"/>
      <testcase name="itBuildsMapsForNamesAndValues" file="/home/runner/work/enum/enum/tests/Helper/EnumHelperTest.php" line="73" class="FastForward\Enum\Tests\Helper\EnumHelperTest" classname="FastForward.Enum.Tests.Helper.EnumHelperTest" assertions="2" time="0.000335"/>
      <testcase name="itBuildsOptionsForBackedEnums" file="/home/runner/work/enum/enum/tests/Helper/EnumHelperTest.php" line="90" class="FastForward\Enum\Tests\Helper\EnumHelperTest" classname="FastForward.Enum.Tests.Helper.EnumHelperTest" assertions="2" time="0.000316"/>
      <testcase name="itCanLookUpCasesByName" file="/home/runner/work/enum/enum/tests/Helper/EnumHelperTest.php" line="107" class="FastForward\Enum\Tests\Helper\EnumHelperTest" classname="FastForward.Enum.Tests.Helper.EnumHelperTest" assertions="5" time="0.000352"/>
      <testcase name="itThrowsForInvalidNames" file="/home/runner/work/enum/enum/tests/Helper/EnumHelperTest.php" line="120" class="FastForward\Enum\Tests\Helper\EnumHelperTest" classname="FastForward.Enum.Tests.Helper.EnumHelperTest" assertions="2" time="0.000323"/>
      <testcase name="itChecksForBackedValues" file="/home/runner/work/enum/enum/tests/Helper/EnumHelperTest.php" line="132" class="FastForward\Enum\Tests\Helper\EnumHelperTest" classname="FastForward.Enum.Tests.Helper.EnumHelperTest" assertions="3" time="0.000340"/>
      <testcase name="itRejectsNonBackedEnumClassStringsForBackedHelpers" file="/home/runner/work/enum/enum/tests/Helper/EnumHelperTest.php" line="143" class="FastForward\Enum\Tests\Helper\EnumHelperTest" classname="FastForward.Enum.Tests.Helper.EnumHelperTest" assertions="2" time="0.000318"/>
      <testcase name="itRejectsNonEnumClassStringsForUnitHelpers" file="/home/runner/work/enum/enum/tests/Helper/EnumHelperTest.php" line="155" class="FastForward\Enum\Tests\Helper\EnumHelperTest" classname="FastForward.Enum.Tests.Helper.EnumHelperTest" assertions="2" time="0.000310"/>
      <testcase name="itExposesLabelsForLabeledEnums" file="/home/runner/work/enum/enum/tests/Helper/EnumHelperTest.php" line="167" class="FastForward\Enum\Tests\Helper\EnumHelperTest" classname="FastForward.Enum.Tests.Helper.EnumHelperTest" assertions="4" time="0.000561"/>
      <testcase name="itRejectsNonLabeledEnumsForLabelHelpers" file="/home/runner/work/enum/enum/tests/Helper/EnumHelperTest.php" line="185" class="FastForward\Enum\Tests\Helper\EnumHelperTest" classname="FastForward.Enum.Tests.Helper.EnumHelperTest" assertions="2" time="0.000327"/>
    </testsuite>
    <testsuite name="FastForward\Enum\Tests\Http\SchemeTest" file="/home/runner/work/enum/enum/tests/Http/SchemeTest.php" tests="4" assertions="7" errors="0" failures="0" skipped="0" time="0.001700">
      <testcase name="itExposesStableBackedValues" file="/home/runner/work/enum/enum/tests/Http/SchemeTest.php" line="36" class="FastForward\Enum\Tests\Http\SchemeTest" classname="FastForward.Enum.Tests.Http.SchemeTest" assertions="1" time="0.000705"/>
      <testcase name="itProvidesDefaultPorts" file="/home/runner/work/enum/enum/tests/Http/SchemeTest.php" line="45" class="FastForward\Enum\Tests\Http\SchemeTest" classname="FastForward.Enum.Tests.Http.SchemeTest" assertions="2" time="0.000354"/>
      <testcase name="itIdentifiesSecureSchemes" file="/home/runner/work/enum/enum/tests/Http/SchemeTest.php" line="55" class="FastForward\Enum\Tests\Http\SchemeTest" classname="FastForward.Enum.Tests.Http.SchemeTest" assertions="2" time="0.000317"/>
      <testcase name="itDescribesSchemes" file="/home/runner/work/enum/enum/tests/Http/SchemeTest.php" line="65" class="FastForward\Enum\Tests\Http\SchemeTest" classname="FastForward.Enum.Tests.Http.SchemeTest" assertions="2" time="0.000324"/>
    </testsuite>
    <testsuite name="FastForward\Enum\Tests\Logger\LogLevelTest" file="/home/runner/work/enum/enum/tests/Logger/LogLevelTest.php" tests="3" assertions="5" errors="0" failures="0" skipped="0" time="0.001337">
      <testcase name="itComparesLogLevelWeights" file="/home/runner/work/enum/enum/tests/Logger/LogLevelTest.php" line="33" class="FastForward\Enum\Tests\Logger\LogLevelTest" classname="FastForward.Enum.Tests.Logger.LogLevelTest" assertions="3" time="0.000719"/>
      <testcase name="itKeepsLogLevelOrder" file="/home/runner/work/enum/enum/tests/Logger/LogLevelTest.php" line="44" class="FastForward\Enum\Tests\Logger\LogLevelTest" classname="FastForward.Enum.Tests.Logger.LogLevelTest" assertions="1" time="0.000310"/>
      <testcase name="itDescribesLogLevels" file="/home/runner/work/enum/enum/tests/Logger/LogLevelTest.php" line="65" class="FastForward\Enum\Tests\Logger\LogLevelTest" classname="FastForward.Enum.Tests.Logger.LogLevelTest" assertions="1" time="0.000308"/>
    </testsuite>
    <testsuite name="FastForward\Enum\Tests\Outcome\ResultTest" file="/home/runner/work/enum/enum/tests/Outcome/ResultTest.php" tests="2" assertions="5" errors="0" failures="0" skipped="0" time="0.000974">
      <testcase name="itIdentifiesSuccessfulResults" file="/home/runner/work/enum/enum/tests/Outcome/ResultTest.php" line="33" class="FastForward\Enum\Tests\Outcome\ResultTest" classname="FastForward.Enum.Tests.Outcome.ResultTest" assertions="4" time="0.000656"/>
      <testcase name="itDescribesResults" file="/home/runner/work/enum/enum/tests/Outcome/ResultTest.php" line="45" class="FastForward\Enum\Tests\Outcome\ResultTest" classname="FastForward.Enum.Tests.Outcome.ResultTest" assertions="1" time="0.000318"/>
    </testsuite>
    <testsuite name="FastForward\Enum\Tests\Pipeline\FailureModeTest" file="/home/runner/work/enum/enum/tests/Pipeline/FailureModeTest.php" tests="3" assertions="5" errors="0" failures="0" skipped="0" time="0.001335">
      <testcase name="itExposesStableBackedValues" file="/home/runner/work/enum/enum/tests/Pipeline/FailureModeTest.php" line="36" class="FastForward\Enum\Tests\Pipeline\FailureModeTest" classname="FastForward.Enum.Tests.Pipeline.FailureModeTest" assertions="1" time="0.000710"/>
      <testcase name="itIdentifiesStopOnFailureModes" file="/home/runner/work/enum/enum/tests/Pipeline/FailureModeTest.php" line="45" class="FastForward\Enum\Tests\Pipeline\FailureModeTest" classname="FastForward.Enum.Tests.Pipeline.FailureModeTest" assertions="2" time="0.000324"/>
      <testcase name="itDescribesFailureModes" file="/home/runner/work/enum/enum/tests/Pipeline/FailureModeTest.php" line="55" class="FastForward\Enum\Tests\Pipeline\FailureModeTest" classname="FastForward.Enum.Tests.Pipeline.FailureModeTest" assertions="2" time="0.000301"/>
    </testsuite>
    <testsuite name="FastForward\Enum\Tests\Process\SignalBehaviorTest" file="/home/runner/work/enum/enum/tests/Process/SignalBehaviorTest.php" tests="3" assertions="7" errors="0" failures="0" skipped="0" time="0.001345">
      <testcase name="itExposesStableBackedValues" file="/home/runner/work/enum/enum/tests/Process/SignalBehaviorTest.php" line="36" class="FastForward\Enum\Tests\Process\SignalBehaviorTest" classname="FastForward.Enum.Tests.Process.SignalBehaviorTest" assertions="1" time="0.000688"/>
      <testcase name="itIdentifiesTerminalControlBehaviors" file="/home/runner/work/enum/enum/tests/Process/SignalBehaviorTest.php" line="45" class="FastForward\Enum\Tests\Process\SignalBehaviorTest" classname="FastForward.Enum.Tests.Process.SignalBehaviorTest" assertions="3" time="0.000354"/>
      <testcase name="itDescribesSignalBehaviors" file="/home/runner/work/enum/enum/tests/Process/SignalBehaviorTest.php" line="56" class="FastForward\Enum\Tests\Process\SignalBehaviorTest" classname="FastForward.Enum.Tests.Process.SignalBehaviorTest" assertions="3" time="0.000304"/>
    </testsuite>
    <testsuite name="FastForward\Enum\Tests\Runtime\EnvironmentTest" file="/home/runner/work/enum/enum/tests/Runtime/EnvironmentTest.php" tests="4" assertions="6" errors="0" failures="0" skipped="0" time="0.001681">
      <testcase name="itExposesStableBackedValues" file="/home/runner/work/enum/enum/tests/Runtime/EnvironmentTest.php" line="36" class="FastForward\Enum\Tests\Runtime\EnvironmentTest" classname="FastForward.Enum.Tests.Runtime.EnvironmentTest" assertions="1" time="0.000715"/>
      <testcase name="itIdentifiesProductionAndPreProductionEnvironments" file="/home/runner/work/enum/enum/tests/Runtime/EnvironmentTest.php" line="45" class="FastForward\Enum\Tests\Runtime\EnvironmentTest" classname="FastForward.Enum.Tests.Runtime.EnvironmentTest" assertions="2" time="0.000355"/>
      <testcase name="itIdentifiesDebugFriendlyEnvironments" file="/home/runner/work/enum/enum/tests/Runtime/EnvironmentTest.php" line="55" class="FastForward\Enum\Tests\Runtime\EnvironmentTest" classname="FastForward.Enum.Tests.Runtime.EnvironmentTest" assertions="2" time="0.000315"/>
      <testcase name="itDescribesEnvironments" file="/home/runner/work/enum/enum/tests/Runtime/EnvironmentTest.php" line="65" class="FastForward\Enum\Tests\Runtime\EnvironmentTest" classname="FastForward.Enum.Tests.Runtime.EnvironmentTest" assertions="1" time="0.000296"/>
    </testsuite>
    <testsuite name="FastForward\Enum\Tests\Sort\ComparisonResultTest" file="/home/runner/work/enum/enum/tests/Sort/ComparisonResultTest.php" tests="4" assertions="20" errors="0" failures="0" skipped="0" time="0.002001">
      <testcase name="itProvidesNamesAndNameLookupHelpers" file="/home/runner/work/enum/enum/tests/Sort/ComparisonResultTest.php" line="37" class="FastForward\Enum\Tests\Sort\ComparisonResultTest" classname="FastForward.Enum.Tests.Sort.ComparisonResultTest" assertions="5" time="0.001039"/>
      <testcase name="itConvertsComparatorResultsToComparisonResultCases" file="/home/runner/work/enum/enum/tests/Sort/ComparisonResultTest.php" line="50" class="FastForward\Enum\Tests\Sort\ComparisonResultTest" classname="FastForward.Enum.Tests.Sort.ComparisonResultTest" assertions="4" time="0.000324"/>
      <testcase name="itConvertsComparisonResultCasesBackToComparatorResults" file="/home/runner/work/enum/enum/tests/Sort/ComparisonResultTest.php" line="62" class="FastForward\Enum\Tests\Sort\ComparisonResultTest" classname="FastForward.Enum.Tests.Sort.ComparisonResultTest" assertions="4" time="0.000307"/>
      <testcase name="itCanBeReversedAndCheckedForComparability" file="/home/runner/work/enum/enum/tests/Sort/ComparisonResultTest.php" line="74" class="FastForward\Enum\Tests\Sort\ComparisonResultTest" classname="FastForward.Enum.Tests.Sort.ComparisonResultTest" assertions="7" time="0.000331"/>
    </testsuite>
    <testsuite name="FastForward\Enum\Tests\Sort\SortDirectionTest" file="/home/runner/work/enum/enum/tests/Sort/SortDirectionTest.php" tests="4" assertions="31" errors="0" failures="0" skipped="0" time="0.002847">
      <testcase name="itProvidesEnumHelpersForSortDirection" file="/home/runner/work/enum/enum/tests/Sort/SortDirectionTest.php" line="41" class="FastForward\Enum\Tests\Sort\SortDirectionTest" classname="FastForward.Enum.Tests.Sort.SortDirectionTest" assertions="3" time="0.000785"/>
      <testcase name="itProvidesSortSpecificHelpers" file="/home/runner/work/enum/enum/tests/Sort/SortDirectionTest.php" line="52" class="FastForward\Enum\Tests\Sort\SortDirectionTest" classname="FastForward.Enum.Tests.Sort.SortDirectionTest" assertions="9" time="0.000372"/>
      <testcase name="itProvidesNullsPositionHelpers" file="/home/runner/work/enum/enum/tests/Sort/SortDirectionTest.php" line="69" class="FastForward\Enum\Tests\Sort\SortDirectionTest" classname="FastForward.Enum.Tests.Sort.SortDirectionTest" assertions="11" time="0.000774"/>
      <testcase name="itProvidesCaseSensitivityHelpers" file="/home/runner/work/enum/enum/tests/Sort/SortDirectionTest.php" line="88" class="FastForward\Enum\Tests\Sort\SortDirectionTest" classname="FastForward.Enum.Tests.Sort.SortDirectionTest" assertions="8" time="0.000916"/>
    </testsuite>
    <testsuite name="FastForward\Enum\Tests\StateMachine\HasTransitionsTest" file="/home/runner/work/enum/enum/tests/StateMachine/HasTransitionsTest.php" tests="3" assertions="15" errors="0" failures="0" skipped="0" time="0.002406">
      <testcase name="itSupportsStateMachineStyleTransitions" file="/home/runner/work/enum/enum/tests/StateMachine/HasTransitionsTest.php" line="38" class="FastForward\Enum\Tests\StateMachine\HasTransitionsTest" classname="FastForward.Enum.Tests.StateMachine.HasTransitionsTest" assertions="9" time="0.000952"/>
      <testcase name="itInfersInitialStatesWhenNoInitialStateCasesAreConfigured" file="/home/runner/work/enum/enum/tests/StateMachine/HasTransitionsTest.php" line="60" class="FastForward\Enum\Tests\StateMachine\HasTransitionsTest" classname="FastForward.Enum.Tests.StateMachine.HasTransitionsTest" assertions="4" time="0.000459"/>
      <testcase name="itThrowsForInvalidStateMachineTransitions" file="/home/runner/work/enum/enum/tests/StateMachine/HasTransitionsTest.php" line="72" class="FastForward\Enum\Tests\StateMachine\HasTransitionsTest" classname="FastForward.Enum.Tests.StateMachine.HasTransitionsTest" assertions="2" time="0.000995"/>
    </testsuite>
    <testsuite name="FastForward\Enum\Tests\Trait\EnumTraitTest" file="/home/runner/work/enum/enum/tests/Trait/EnumTraitTest.php" tests="5" assertions="17" errors="0" failures="0" skipped="0" time="0.001916">
      <testcase name="itProvidesUnitEnumLookupAndMappingTraits" file="/home/runner/work/enum/enum/tests/Trait/EnumTraitTest.php" line="55" class="FastForward\Enum\Tests\Trait\EnumTraitTest" classname="FastForward.Enum.Tests.Trait.EnumTraitTest" assertions="2" time="0.000437"/>
      <testcase name="itProvidesBackedEnumValueAndOptionTraits" file="/home/runner/work/enum/enum/tests/Trait/EnumTraitTest.php" line="68" class="FastForward\Enum\Tests\Trait\EnumTraitTest" classname="FastForward.Enum.Tests.Trait.EnumTraitTest" assertions="8" time="0.000429"/>
      <testcase name="itProvidesADefaultClassBasedLabelTrait" file="/home/runner/work/enum/enum/tests/Trait/EnumTraitTest.php" line="90" class="FastForward\Enum\Tests\Trait\EnumTraitTest" classname="FastForward.Enum.Tests.Trait.EnumTraitTest" assertions="1" time="0.000337"/>
      <testcase name="itProvidesComparableHelpers" file="/home/runner/work/enum/enum/tests/Trait/EnumTraitTest.php" line="99" class="FastForward\Enum\Tests\Trait\EnumTraitTest" classname="FastForward.Enum.Tests.Trait.EnumTraitTest" assertions="4" time="0.000333"/>
      <testcase name="itProvidesADefaultDescriptionTrait" file="/home/runner/work/enum/enum/tests/Trait/EnumTraitTest.php" line="111" class="FastForward\Enum\Tests\Trait\EnumTraitTest" classname="FastForward.Enum.Tests.Trait.EnumTraitTest" assertions="2" time="0.000380"/>
    </testsuite>
  </testsuite>
</testsuites>
