<?xml version="1.0" encoding="UTF-8"?>
<testsuites>
  <testsuite name="CLI Arguments" tests="87" assertions="235" errors="0" failures="0" skipped="0" time="0.060515">
    <testsuite name="FastForward\Enum\Tests\Calendar\MonthTest" file="/home/runner/work/enum/enum/tests/Calendar/MonthTest.php" tests="4" assertions="8" errors="0" failures="0" skipped="0" time="0.023836">
      <testcase name="itKeepsCalendarDeclarationOrder" file="/home/runner/work/enum/enum/tests/Calendar/MonthTest.php" line="33" class="FastForward\Enum\Tests\Calendar\MonthTest" classname="FastForward.Enum.Tests.Calendar.MonthTest" assertions="1" time="0.022847"/>
      <testcase name="itIdentifiesTheQuarterForAMonth" file="/home/runner/work/enum/enum/tests/Calendar/MonthTest.php" line="42" class="FastForward\Enum\Tests\Calendar\MonthTest" classname="FastForward.Enum.Tests.Calendar.MonthTest" assertions="4" time="0.000385"/>
      <testcase name="itIdentifiesQuarterEndMonths" file="/home/runner/work/enum/enum/tests/Calendar/MonthTest.php" line="54" class="FastForward\Enum\Tests\Calendar\MonthTest" classname="FastForward.Enum.Tests.Calendar.MonthTest" assertions="2" time="0.000319"/>
      <testcase name="itDescribesMonths" file="/home/runner/work/enum/enum/tests/Calendar/MonthTest.php" line="64" class="FastForward\Enum\Tests\Calendar\MonthTest" classname="FastForward.Enum.Tests.Calendar.MonthTest" assertions="1" time="0.000285"/>
    </testsuite>
    <testsuite name="FastForward\Enum\Tests\Calendar\QuarterTest" file="/home/runner/work/enum/enum/tests/Calendar/QuarterTest.php" tests="5" assertions="8" errors="0" failures="0" skipped="0" time="0.001943">
      <testcase name="itKeepsCalendarDeclarationOrder" file="/home/runner/work/enum/enum/tests/Calendar/QuarterTest.php" line="36" class="FastForward\Enum\Tests\Calendar\QuarterTest" classname="FastForward.Enum.Tests.Calendar.QuarterTest" assertions="1" time="0.000721"/>
      <testcase name="itExposesTheMonthsInsideAQuarter" file="/home/runner/work/enum/enum/tests/Calendar/QuarterTest.php" line="45" class="FastForward\Enum\Tests\Calendar\QuarterTest" classname="FastForward.Enum.Tests.Calendar.QuarterTest" assertions="3" time="0.000326"/>
      <testcase name="itChecksWhetherAMonthBelongsToAQuarter" file="/home/runner/work/enum/enum/tests/Calendar/QuarterTest.php" line="56" class="FastForward\Enum\Tests\Calendar\QuarterTest" classname="FastForward.Enum.Tests.Calendar.QuarterTest" assertions="2" time="0.000301"/>
      <testcase name="itResolvesAQuarterFromAMonth" file="/home/runner/work/enum/enum/tests/Calendar/QuarterTest.php" line="66" class="FastForward\Enum\Tests\Calendar\QuarterTest" classname="FastForward.Enum.Tests.Calendar.QuarterTest" assertions="1" time="0.000288"/>
      <testcase name="itDescribesQuarters" file="/home/runner/work/enum/enum/tests/Calendar/QuarterTest.php" line="75" class="FastForward\Enum\Tests\Calendar\QuarterTest" classname="FastForward.Enum.Tests.Calendar.QuarterTest" assertions="1" time="0.000307"/>
    </testsuite>
    <testsuite name="FastForward\Enum\Tests\Calendar\SemesterTest" file="/home/runner/work/enum/enum/tests/Calendar/SemesterTest.php" tests="5" assertions="10" errors="0" failures="0" skipped="0" time="0.001984">
      <testcase name="itExposesTheQuartersInsideASemester" file="/home/runner/work/enum/enum/tests/Calendar/SemesterTest.php" line="38" class="FastForward\Enum\Tests\Calendar\SemesterTest" classname="FastForward.Enum.Tests.Calendar.SemesterTest" assertions="1" time="0.000745"/>
      <testcase name="itExposesTheMonthsInsideASemester" file="/home/runner/work/enum/enum/tests/Calendar/SemesterTest.php" line="47" class="FastForward\Enum\Tests\Calendar\SemesterTest" classname="FastForward.Enum.Tests.Calendar.SemesterTest" assertions="4" time="0.000329"/>
      <testcase name="itChecksWhetherAMonthBelongsToASemester" file="/home/runner/work/enum/enum/tests/Calendar/SemesterTest.php" line="65" class="FastForward\Enum\Tests\Calendar\SemesterTest" classname="FastForward.Enum.Tests.Calendar.SemesterTest" assertions="2" time="0.000333"/>
      <testcase name="itResolvesASemesterFromCalendarUnits" file="/home/runner/work/enum/enum/tests/Calendar/SemesterTest.php" line="75" class="FastForward\Enum\Tests\Calendar\SemesterTest" classname="FastForward.Enum.Tests.Calendar.SemesterTest" assertions="2" time="0.000296"/>
      <testcase name="itDescribesSemesters" file="/home/runner/work/enum/enum/tests/Calendar/SemesterTest.php" line="85" class="FastForward\Enum\Tests\Calendar\SemesterTest" classname="FastForward.Enum.Tests.Calendar.SemesterTest" assertions="1" time="0.000282"/>
    </testsuite>
    <testsuite name="FastForward\Enum\Tests\Calendar\WeekdayTest" file="/home/runner/work/enum/enum/tests/Calendar/WeekdayTest.php" tests="3" assertions="5" errors="0" failures="0" skipped="0" time="0.001497">
      <testcase name="itIdentifiesWeekendsAndWeekdays" file="/home/runner/work/enum/enum/tests/Calendar/WeekdayTest.php" line="33" class="FastForward\Enum\Tests\Calendar\WeekdayTest" classname="FastForward.Enum.Tests.Calendar.WeekdayTest" assertions="3" time="0.000942"/>
      <testcase name="itKeepsIsoWeekOrder" file="/home/runner/work/enum/enum/tests/Calendar/WeekdayTest.php" line="44" class="FastForward\Enum\Tests\Calendar\WeekdayTest" classname="FastForward.Enum.Tests.Calendar.WeekdayTest" assertions="1" time="0.000295"/>
      <testcase name="itDescribesWeekdays" file="/home/runner/work/enum/enum/tests/Calendar/WeekdayTest.php" line="64" class="FastForward\Enum\Tests\Calendar\WeekdayTest" classname="FastForward.Enum.Tests.Calendar.WeekdayTest" assertions="1" time="0.000260"/>
    </testsuite>
    <testsuite name="FastForward\Enum\Tests\Common\PriorityTest" file="/home/runner/work/enum/enum/tests/Common/PriorityTest.php" tests="3" assertions="5" errors="0" failures="0" skipped="0" time="0.001182">
      <testcase name="itOrdersPrioritiesByWeight" file="/home/runner/work/enum/enum/tests/Common/PriorityTest.php" line="33" class="FastForward\Enum\Tests\Common\PriorityTest" classname="FastForward.Enum.Tests.Common.PriorityTest" assertions="1" time="0.000641"/>
      <testcase name="itComparesPriorityWeights" file="/home/runner/work/enum/enum/tests/Common/PriorityTest.php" line="42" class="FastForward\Enum\Tests\Common\PriorityTest" classname="FastForward.Enum.Tests.Common.PriorityTest" assertions="3" time="0.000267"/>
      <testcase name="itDescribesPriorities" file="/home/runner/work/enum/enum/tests/Common/PriorityTest.php" line="53" class="FastForward\Enum\Tests\Common\PriorityTest" classname="FastForward.Enum.Tests.Common.PriorityTest" assertions="1" time="0.000274"/>
    </testsuite>
    <testsuite name="FastForward\Enum\Tests\Common\SeverityTest" file="/home/runner/work/enum/enum/tests/Common/SeverityTest.php" tests="3" assertions="5" errors="0" failures="0" skipped="0" time="0.001185">
      <testcase name="itComparesSeverityWeights" file="/home/runner/work/enum/enum/tests/Common/SeverityTest.php" line="33" class="FastForward\Enum\Tests\Common\SeverityTest" classname="FastForward.Enum.Tests.Common.SeverityTest" assertions="3" time="0.000654"/>
      <testcase name="itKeepsSeverityOrder" file="/home/runner/work/enum/enum/tests/Common/SeverityTest.php" line="44" class="FastForward\Enum\Tests\Common\SeverityTest" classname="FastForward.Enum.Tests.Common.SeverityTest" assertions="1" time="0.000282"/>
      <testcase name="itDescribesSeverities" file="/home/runner/work/enum/enum/tests/Common/SeverityTest.php" line="56" class="FastForward\Enum\Tests\Common\SeverityTest" classname="FastForward.Enum.Tests.Common.SeverityTest" assertions="1" time="0.000249"/>
    </testsuite>
    <testsuite name="FastForward\Enum\Tests\Comparison\ComparisonOperatorTest" file="/home/runner/work/enum/enum/tests/Comparison/ComparisonOperatorTest.php" tests="7" assertions="23" errors="0" failures="0" skipped="0" time="0.004188">
      <testcase name="itExposesCompactBackedValues" file="/home/runner/work/enum/enum/tests/Comparison/ComparisonOperatorTest.php" line="37" class="FastForward\Enum\Tests\Comparison\ComparisonOperatorTest" classname="FastForward.Enum.Tests.Comparison.ComparisonOperatorTest" assertions="1" time="0.002250"/>
      <testcase name="itMapsOperatorsToSymbols" file="/home/runner/work/enum/enum/tests/Comparison/ComparisonOperatorTest.php" line="46" class="FastForward\Enum\Tests\Comparison\ComparisonOperatorTest" classname="FastForward.Enum.Tests.Comparison.ComparisonOperatorTest" assertions="1" time="0.000362"/>
      <testcase name="itComparesScalarValues" file="/home/runner/work/enum/enum/tests/Comparison/ComparisonOperatorTest.php" line="58" class="FastForward\Enum\Tests\Comparison\ComparisonOperatorTest" classname="FastForward.Enum.Tests.Comparison.ComparisonOperatorTest" assertions="6" time="0.000329"/>
      <testcase name="itComparesValuesAgainstCandidateSets" file="/home/runner/work/enum/enum/tests/Comparison/ComparisonOperatorTest.php" line="72" class="FastForward\Enum\Tests\Comparison\ComparisonOperatorTest" classname="FastForward.Enum.Tests.Comparison.ComparisonOperatorTest" assertions="4" time="0.000311"/>
      <testcase name="itRejectsInvalidCandidateSets" file="/home/runner/work/enum/enum/tests/Comparison/ComparisonOperatorTest.php" line="84" class="FastForward\Enum\Tests\Comparison\ComparisonOperatorTest" classname="FastForward.Enum.Tests.Comparison.ComparisonOperatorTest" assertions="2" time="0.000313"/>
      <testcase name="itNegatesOperators" file="/home/runner/work/enum/enum/tests/Comparison/ComparisonOperatorTest.php" line="96" class="FastForward\Enum\Tests\Comparison\ComparisonOperatorTest" classname="FastForward.Enum.Tests.Comparison.ComparisonOperatorTest" assertions="8" time="0.000339"/>
      <testcase name="itDescribesOperators" file="/home/runner/work/enum/enum/tests/Comparison/ComparisonOperatorTest.php" line="112" class="FastForward\Enum\Tests\Comparison\ComparisonOperatorTest" classname="FastForward.Enum.Tests.Comparison.ComparisonOperatorTest" assertions="1" time="0.000284"/>
    </testsuite>
    <testsuite name="FastForward\Enum\Tests\Container\ServiceLifetimeTest" file="/home/runner/work/enum/enum/tests/Container/ServiceLifetimeTest.php" tests="3" assertions="5" errors="0" failures="0" skipped="0" time="0.001346">
      <testcase name="itExposesStableBackedValues" file="/home/runner/work/enum/enum/tests/Container/ServiceLifetimeTest.php" line="36" class="FastForward\Enum\Tests\Container\ServiceLifetimeTest" classname="FastForward.Enum.Tests.Container.ServiceLifetimeTest" assertions="1" time="0.000739"/>
      <testcase name="itIdentifiesReusableLifetimes" file="/home/runner/work/enum/enum/tests/Container/ServiceLifetimeTest.php" line="45" class="FastForward\Enum\Tests\Container\ServiceLifetimeTest" classname="FastForward.Enum.Tests.Container.ServiceLifetimeTest" assertions="2" time="0.000333"/>
      <testcase name="itDescribesServiceLifetimes" file="/home/runner/work/enum/enum/tests/Container/ServiceLifetimeTest.php" line="55" class="FastForward\Enum\Tests\Container\ServiceLifetimeTest" classname="FastForward.Enum.Tests.Container.ServiceLifetimeTest" assertions="2" time="0.000274"/>
    </testsuite>
    <testsuite name="FastForward\Enum\Tests\DateTime\IntervalUnitTest" file="/home/runner/work/enum/enum/tests/DateTime/IntervalUnitTest.php" tests="4" assertions="11" errors="0" failures="0" skipped="0" time="0.001536">
      <testcase name="itExposesShortLabels" file="/home/runner/work/enum/enum/tests/DateTime/IntervalUnitTest.php" line="33" class="FastForward\Enum\Tests\DateTime\IntervalUnitTest" classname="FastForward.Enum.Tests.DateTime.IntervalUnitTest" assertions="1" time="0.000682"/>
      <testcase name="itConvertsUnitsToSeconds" file="/home/runner/work/enum/enum/tests/DateTime/IntervalUnitTest.php" line="45" class="FastForward\Enum\Tests\DateTime\IntervalUnitTest" classname="FastForward.Enum.Tests.DateTime.IntervalUnitTest" assertions="7" time="0.000286"/>
      <testcase name="itIdentifiesCalendarAwareUnits" file="/home/runner/work/enum/enum/tests/DateTime/IntervalUnitTest.php" line="60" class="FastForward\Enum\Tests\DateTime\IntervalUnitTest" classname="FastForward.Enum.Tests.DateTime.IntervalUnitTest" assertions="2" time="0.000299"/>
      <testcase name="itDescribesIntervalUnits" file="/home/runner/work/enum/enum/tests/DateTime/IntervalUnitTest.php" line="70" class="FastForward\Enum\Tests\DateTime\IntervalUnitTest" classname="FastForward.Enum.Tests.DateTime.IntervalUnitTest" assertions="1" time="0.000269"/>
    </testsuite>
    <testsuite name="FastForward\Enum\Tests\Event\DispatchModeTest" file="/home/runner/work/enum/enum/tests/Event/DispatchModeTest.php" tests="3" assertions="7" errors="0" failures="0" skipped="0" time="0.001287">
      <testcase name="itExposesStableBackedValues" file="/home/runner/work/enum/enum/tests/Event/DispatchModeTest.php" line="36" class="FastForward\Enum\Tests\Event\DispatchModeTest" classname="FastForward.Enum.Tests.Event.DispatchModeTest" assertions="1" time="0.000687"/>
      <testcase name="itIdentifiesSyncAndAsyncDispatch" file="/home/runner/work/enum/enum/tests/Event/DispatchModeTest.php" line="45" class="FastForward\Enum\Tests\Event\DispatchModeTest" classname="FastForward.Enum.Tests.Event.DispatchModeTest" assertions="4" time="0.000303"/>
      <testcase name="itDescribesDispatchModes" file="/home/runner/work/enum/enum/tests/Event/DispatchModeTest.php" line="57" class="FastForward\Enum\Tests\Event\DispatchModeTest" classname="FastForward.Enum.Tests.Event.DispatchModeTest" assertions="2" time="0.000297"/>
    </testsuite>
    <testsuite name="FastForward\Enum\Tests\Helper\EnumHelperTest" file="/home/runner/work/enum/enum/tests/Helper/EnumHelperTest.php" tests="12" assertions="30" errors="0" failures="0" skipped="0" time="0.004239">
      <testcase name="itReturnsCasesForUnitEnums" file="/home/runner/work/enum/enum/tests/Helper/EnumHelperTest.php" line="43" class="FastForward\Enum\Tests\Helper\EnumHelperTest" classname="FastForward.Enum.Tests.Helper.EnumHelperTest" assertions="2" time="0.000412"/>
      <testcase name="itReturnsNamesForUnitEnums" file="/home/runner/work/enum/enum/tests/Helper/EnumHelperTest.php" line="53" class="FastForward\Enum\Tests\Helper\EnumHelperTest" classname="FastForward.Enum.Tests.Helper.EnumHelperTest" assertions="2" time="0.000301"/>
      <testcase name="itReturnsValuesForBackedEnums" file="/home/runner/work/enum/enum/tests/Helper/EnumHelperTest.php" line="63" class="FastForward\Enum\Tests\Helper\EnumHelperTest" classname="FastForward.Enum.Tests.Helper.EnumHelperTest" assertions="2" time="0.000666"/>
      <testcase name="itBuildsMapsForNamesAndValues" file="/home/runner/work/enum/enum/tests/Helper/EnumHelperTest.php" line="73" class="FastForward\Enum\Tests\Helper\EnumHelperTest" classname="FastForward.Enum.Tests.Helper.EnumHelperTest" assertions="2" time="0.000336"/>
      <testcase name="itBuildsOptionsForBackedEnums" file="/home/runner/work/enum/enum/tests/Helper/EnumHelperTest.php" line="90" class="FastForward\Enum\Tests\Helper\EnumHelperTest" classname="FastForward.Enum.Tests.Helper.EnumHelperTest" assertions="2" time="0.000275"/>
      <testcase name="itCanLookUpCasesByName" file="/home/runner/work/enum/enum/tests/Helper/EnumHelperTest.php" line="107" class="FastForward\Enum\Tests\Helper\EnumHelperTest" classname="FastForward.Enum.Tests.Helper.EnumHelperTest" assertions="5" time="0.000292"/>
      <testcase name="itThrowsForInvalidNames" file="/home/runner/work/enum/enum/tests/Helper/EnumHelperTest.php" line="120" class="FastForward\Enum\Tests\Helper\EnumHelperTest" classname="FastForward.Enum.Tests.Helper.EnumHelperTest" assertions="2" time="0.000320"/>
      <testcase name="itChecksForBackedValues" file="/home/runner/work/enum/enum/tests/Helper/EnumHelperTest.php" line="132" class="FastForward\Enum\Tests\Helper\EnumHelperTest" classname="FastForward.Enum.Tests.Helper.EnumHelperTest" assertions="3" time="0.000276"/>
      <testcase name="itRejectsNonBackedEnumClassStringsForBackedHelpers" file="/home/runner/work/enum/enum/tests/Helper/EnumHelperTest.php" line="143" class="FastForward\Enum\Tests\Helper\EnumHelperTest" classname="FastForward.Enum.Tests.Helper.EnumHelperTest" assertions="2" time="0.000271"/>
      <testcase name="itRejectsNonEnumClassStringsForUnitHelpers" file="/home/runner/work/enum/enum/tests/Helper/EnumHelperTest.php" line="155" class="FastForward\Enum\Tests\Helper\EnumHelperTest" classname="FastForward.Enum.Tests.Helper.EnumHelperTest" assertions="2" time="0.000274"/>
      <testcase name="itExposesLabelsForLabeledEnums" file="/home/runner/work/enum/enum/tests/Helper/EnumHelperTest.php" line="167" class="FastForward\Enum\Tests\Helper\EnumHelperTest" classname="FastForward.Enum.Tests.Helper.EnumHelperTest" assertions="4" time="0.000497"/>
      <testcase name="itRejectsNonLabeledEnumsForLabelHelpers" file="/home/runner/work/enum/enum/tests/Helper/EnumHelperTest.php" line="185" class="FastForward\Enum\Tests\Helper\EnumHelperTest" classname="FastForward.Enum.Tests.Helper.EnumHelperTest" assertions="2" time="0.000317"/>
    </testsuite>
    <testsuite name="FastForward\Enum\Tests\Http\SchemeTest" file="/home/runner/work/enum/enum/tests/Http/SchemeTest.php" tests="4" assertions="7" errors="0" failures="0" skipped="0" time="0.001562">
      <testcase name="itExposesStableBackedValues" file="/home/runner/work/enum/enum/tests/Http/SchemeTest.php" line="36" class="FastForward\Enum\Tests\Http\SchemeTest" classname="FastForward.Enum.Tests.Http.SchemeTest" assertions="1" time="0.000719"/>
      <testcase name="itProvidesDefaultPorts" file="/home/runner/work/enum/enum/tests/Http/SchemeTest.php" line="45" class="FastForward\Enum\Tests\Http\SchemeTest" classname="FastForward.Enum.Tests.Http.SchemeTest" assertions="2" time="0.000284"/>
      <testcase name="itIdentifiesSecureSchemes" file="/home/runner/work/enum/enum/tests/Http/SchemeTest.php" line="55" class="FastForward\Enum\Tests\Http\SchemeTest" classname="FastForward.Enum.Tests.Http.SchemeTest" assertions="2" time="0.000269"/>
      <testcase name="itDescribesSchemes" file="/home/runner/work/enum/enum/tests/Http/SchemeTest.php" line="65" class="FastForward\Enum\Tests\Http\SchemeTest" classname="FastForward.Enum.Tests.Http.SchemeTest" assertions="2" time="0.000290"/>
    </testsuite>
    <testsuite name="FastForward\Enum\Tests\Logger\LogLevelTest" file="/home/runner/work/enum/enum/tests/Logger/LogLevelTest.php" tests="3" assertions="5" errors="0" failures="0" skipped="0" time="0.001227">
      <testcase name="itComparesLogLevelWeights" file="/home/runner/work/enum/enum/tests/Logger/LogLevelTest.php" line="33" class="FastForward\Enum\Tests\Logger\LogLevelTest" classname="FastForward.Enum.Tests.Logger.LogLevelTest" assertions="3" time="0.000681"/>
      <testcase name="itKeepsLogLevelOrder" file="/home/runner/work/enum/enum/tests/Logger/LogLevelTest.php" line="44" class="FastForward\Enum\Tests\Logger\LogLevelTest" classname="FastForward.Enum.Tests.Logger.LogLevelTest" assertions="1" time="0.000277"/>
      <testcase name="itDescribesLogLevels" file="/home/runner/work/enum/enum/tests/Logger/LogLevelTest.php" line="65" class="FastForward\Enum\Tests\Logger\LogLevelTest" classname="FastForward.Enum.Tests.Logger.LogLevelTest" assertions="1" time="0.000269"/>
    </testsuite>
    <testsuite name="FastForward\Enum\Tests\Outcome\ResultTest" file="/home/runner/work/enum/enum/tests/Outcome/ResultTest.php" tests="2" assertions="5" errors="0" failures="0" skipped="0" time="0.000911">
      <testcase name="itIdentifiesSuccessfulResults" file="/home/runner/work/enum/enum/tests/Outcome/ResultTest.php" line="33" class="FastForward\Enum\Tests\Outcome\ResultTest" classname="FastForward.Enum.Tests.Outcome.ResultTest" assertions="4" time="0.000625"/>
      <testcase name="itDescribesResults" file="/home/runner/work/enum/enum/tests/Outcome/ResultTest.php" line="45" class="FastForward\Enum\Tests\Outcome\ResultTest" classname="FastForward.Enum.Tests.Outcome.ResultTest" assertions="1" time="0.000286"/>
    </testsuite>
    <testsuite name="FastForward\Enum\Tests\Pipeline\FailureModeTest" file="/home/runner/work/enum/enum/tests/Pipeline/FailureModeTest.php" tests="3" assertions="5" errors="0" failures="0" skipped="0" time="0.001182">
      <testcase name="itExposesStableBackedValues" file="/home/runner/work/enum/enum/tests/Pipeline/FailureModeTest.php" line="36" class="FastForward\Enum\Tests\Pipeline\FailureModeTest" classname="FastForward.Enum.Tests.Pipeline.FailureModeTest" assertions="1" time="0.000638"/>
      <testcase name="itIdentifiesStopOnFailureModes" file="/home/runner/work/enum/enum/tests/Pipeline/FailureModeTest.php" line="45" class="FastForward\Enum\Tests\Pipeline\FailureModeTest" classname="FastForward.Enum.Tests.Pipeline.FailureModeTest" assertions="2" time="0.000288"/>
      <testcase name="itDescribesFailureModes" file="/home/runner/work/enum/enum/tests/Pipeline/FailureModeTest.php" line="55" class="FastForward\Enum\Tests\Pipeline\FailureModeTest" classname="FastForward.Enum.Tests.Pipeline.FailureModeTest" assertions="2" time="0.000256"/>
    </testsuite>
    <testsuite name="FastForward\Enum\Tests\Process\SignalBehaviorTest" file="/home/runner/work/enum/enum/tests/Process/SignalBehaviorTest.php" tests="3" assertions="7" errors="0" failures="0" skipped="0" time="0.001258">
      <testcase name="itExposesStableBackedValues" file="/home/runner/work/enum/enum/tests/Process/SignalBehaviorTest.php" line="36" class="FastForward\Enum\Tests\Process\SignalBehaviorTest" classname="FastForward.Enum.Tests.Process.SignalBehaviorTest" assertions="1" time="0.000693"/>
      <testcase name="itIdentifiesTerminalControlBehaviors" file="/home/runner/work/enum/enum/tests/Process/SignalBehaviorTest.php" line="45" class="FastForward\Enum\Tests\Process\SignalBehaviorTest" classname="FastForward.Enum.Tests.Process.SignalBehaviorTest" assertions="3" time="0.000295"/>
      <testcase name="itDescribesSignalBehaviors" file="/home/runner/work/enum/enum/tests/Process/SignalBehaviorTest.php" line="56" class="FastForward\Enum\Tests\Process\SignalBehaviorTest" classname="FastForward.Enum.Tests.Process.SignalBehaviorTest" assertions="3" time="0.000270"/>
    </testsuite>
    <testsuite name="FastForward\Enum\Tests\Runtime\EnvironmentTest" file="/home/runner/work/enum/enum/tests/Runtime/EnvironmentTest.php" tests="4" assertions="6" errors="0" failures="0" skipped="0" time="0.001541">
      <testcase name="itExposesStableBackedValues" file="/home/runner/work/enum/enum/tests/Runtime/EnvironmentTest.php" line="36" class="FastForward\Enum\Tests\Runtime\EnvironmentTest" classname="FastForward.Enum.Tests.Runtime.EnvironmentTest" assertions="1" time="0.000704"/>
      <testcase name="itIdentifiesProductionAndPreProductionEnvironments" file="/home/runner/work/enum/enum/tests/Runtime/EnvironmentTest.php" line="45" class="FastForward\Enum\Tests\Runtime\EnvironmentTest" classname="FastForward.Enum.Tests.Runtime.EnvironmentTest" assertions="2" time="0.000295"/>
      <testcase name="itIdentifiesDebugFriendlyEnvironments" file="/home/runner/work/enum/enum/tests/Runtime/EnvironmentTest.php" line="55" class="FastForward\Enum\Tests\Runtime\EnvironmentTest" classname="FastForward.Enum.Tests.Runtime.EnvironmentTest" assertions="2" time="0.000276"/>
      <testcase name="itDescribesEnvironments" file="/home/runner/work/enum/enum/tests/Runtime/EnvironmentTest.php" line="65" class="FastForward\Enum\Tests\Runtime\EnvironmentTest" classname="FastForward.Enum.Tests.Runtime.EnvironmentTest" assertions="1" time="0.000267"/>
    </testsuite>
    <testsuite name="FastForward\Enum\Tests\Sort\ComparisonResultTest" file="/home/runner/work/enum/enum/tests/Sort/ComparisonResultTest.php" tests="4" assertions="20" errors="0" failures="0" skipped="0" time="0.001881">
      <testcase name="itProvidesNamesAndNameLookupHelpers" file="/home/runner/work/enum/enum/tests/Sort/ComparisonResultTest.php" line="37" class="FastForward\Enum\Tests\Sort\ComparisonResultTest" classname="FastForward.Enum.Tests.Sort.ComparisonResultTest" assertions="5" time="0.000991"/>
      <testcase name="itConvertsComparatorResultsToComparisonResultCases" file="/home/runner/work/enum/enum/tests/Sort/ComparisonResultTest.php" line="50" class="FastForward\Enum\Tests\Sort\ComparisonResultTest" classname="FastForward.Enum.Tests.Sort.ComparisonResultTest" assertions="4" time="0.000306"/>
      <testcase name="itConvertsComparisonResultCasesBackToComparatorResults" file="/home/runner/work/enum/enum/tests/Sort/ComparisonResultTest.php" line="62" class="FastForward\Enum\Tests\Sort\ComparisonResultTest" classname="FastForward.Enum.Tests.Sort.ComparisonResultTest" assertions="4" time="0.000299"/>
      <testcase name="itCanBeReversedAndCheckedForComparability" file="/home/runner/work/enum/enum/tests/Sort/ComparisonResultTest.php" line="74" class="FastForward\Enum\Tests\Sort\ComparisonResultTest" classname="FastForward.Enum.Tests.Sort.ComparisonResultTest" assertions="7" time="0.000284"/>
    </testsuite>
    <testsuite name="FastForward\Enum\Tests\Sort\SortDirectionTest" file="/home/runner/work/enum/enum/tests/Sort/SortDirectionTest.php" tests="4" assertions="31" errors="0" failures="0" skipped="0" time="0.002679">
      <testcase name="itProvidesEnumHelpersForSortDirection" file="/home/runner/work/enum/enum/tests/Sort/SortDirectionTest.php" line="41" class="FastForward\Enum\Tests\Sort\SortDirectionTest" classname="FastForward.Enum.Tests.Sort.SortDirectionTest" assertions="3" time="0.000767"/>
      <testcase name="itProvidesSortSpecificHelpers" file="/home/runner/work/enum/enum/tests/Sort/SortDirectionTest.php" line="52" class="FastForward\Enum\Tests\Sort\SortDirectionTest" classname="FastForward.Enum.Tests.Sort.SortDirectionTest" assertions="9" time="0.000373"/>
      <testcase name="itProvidesNullsPositionHelpers" file="/home/runner/work/enum/enum/tests/Sort/SortDirectionTest.php" line="69" class="FastForward\Enum\Tests\Sort\SortDirectionTest" classname="FastForward.Enum.Tests.Sort.SortDirectionTest" assertions="11" time="0.000720"/>
      <testcase name="itProvidesCaseSensitivityHelpers" file="/home/runner/work/enum/enum/tests/Sort/SortDirectionTest.php" line="88" class="FastForward\Enum\Tests\Sort\SortDirectionTest" classname="FastForward.Enum.Tests.Sort.SortDirectionTest" assertions="8" time="0.000819"/>
    </testsuite>
    <testsuite name="FastForward\Enum\Tests\StateMachine\HasTransitionsTest" file="/home/runner/work/enum/enum/tests/StateMachine/HasTransitionsTest.php" tests="3" assertions="15" errors="0" failures="0" skipped="0" time="0.002322">
      <testcase name="itSupportsStateMachineStyleTransitions" file="/home/runner/work/enum/enum/tests/StateMachine/HasTransitionsTest.php" line="38" class="FastForward\Enum\Tests\StateMachine\HasTransitionsTest" classname="FastForward.Enum.Tests.StateMachine.HasTransitionsTest" assertions="9" time="0.000928"/>
      <testcase name="itInfersInitialStatesWhenNoInitialStateCasesAreConfigured" file="/home/runner/work/enum/enum/tests/StateMachine/HasTransitionsTest.php" line="60" class="FastForward\Enum\Tests\StateMachine\HasTransitionsTest" classname="FastForward.Enum.Tests.StateMachine.HasTransitionsTest" assertions="4" time="0.000439"/>
      <testcase name="itThrowsForInvalidStateMachineTransitions" file="/home/runner/work/enum/enum/tests/StateMachine/HasTransitionsTest.php" line="72" class="FastForward\Enum\Tests\StateMachine\HasTransitionsTest" classname="FastForward.Enum.Tests.StateMachine.HasTransitionsTest" assertions="2" time="0.000956"/>
    </testsuite>
    <testsuite name="FastForward\Enum\Tests\Trait\EnumTraitTest" file="/home/runner/work/enum/enum/tests/Trait/EnumTraitTest.php" tests="5" assertions="17" errors="0" failures="0" skipped="0" time="0.001730">
      <testcase name="itProvidesUnitEnumLookupAndMappingTraits" file="/home/runner/work/enum/enum/tests/Trait/EnumTraitTest.php" line="55" class="FastForward\Enum\Tests\Trait\EnumTraitTest" classname="FastForward.Enum.Tests.Trait.EnumTraitTest" assertions="2" time="0.000420"/>
      <testcase name="itProvidesBackedEnumValueAndOptionTraits" file="/home/runner/work/enum/enum/tests/Trait/EnumTraitTest.php" line="68" class="FastForward\Enum\Tests\Trait\EnumTraitTest" classname="FastForward.Enum.Tests.Trait.EnumTraitTest" assertions="8" time="0.000390"/>
      <testcase name="itProvidesADefaultClassBasedLabelTrait" file="/home/runner/work/enum/enum/tests/Trait/EnumTraitTest.php" line="90" class="FastForward\Enum\Tests\Trait\EnumTraitTest" classname="FastForward.Enum.Tests.Trait.EnumTraitTest" assertions="1" time="0.000308"/>
      <testcase name="itProvidesComparableHelpers" file="/home/runner/work/enum/enum/tests/Trait/EnumTraitTest.php" line="99" class="FastForward\Enum\Tests\Trait\EnumTraitTest" classname="FastForward.Enum.Tests.Trait.EnumTraitTest" assertions="4" time="0.000298"/>
      <testcase name="itProvidesADefaultDescriptionTrait" file="/home/runner/work/enum/enum/tests/Trait/EnumTraitTest.php" line="111" class="FastForward\Enum\Tests\Trait\EnumTraitTest" classname="FastForward.Enum.Tests.Trait.EnumTraitTest" assertions="2" time="0.000314"/>
    </testsuite>
  </testsuite>
</testsuites>
